Copyright 1986-2021 Xilinx, Inc. All Rights Reserved.
---------------------------------------------------------------------------------------------------------------------------------------------------------------------------------------------------------------------------------------------
| Tool Version : Vivado v.2021.2 (win64) Build 3367213 Tue Oct 19 02:48:09 MDT 2021
| Date         : Wed Jan 15 12:29:48 2025
| Host         : DESKTOP-URPE4K6 running 64-bit major release  (build 9200)
| Command      : report_timing_summary -max_paths 10 -report_unconstrained -file SequentialSystem_timing_summary_routed.rpt -pb SequentialSystem_timing_summary_routed.pb -rpx SequentialSystem_timing_summary_routed.rpx -warn_on_violation
| Design       : SequentialSystem
| Device       : 7a35t-cpg236
| Speed File   : -1  PRODUCTION 1.23 2018-06-13
---------------------------------------------------------------------------------------------------------------------------------------------------------------------------------------------------------------------------------------------

Timing Summary Report

------------------------------------------------------------------------------------------------
| Timer Settings
| --------------
------------------------------------------------------------------------------------------------

  Enable Multi Corner Analysis               :  Yes
  Enable Pessimism Removal                   :  Yes
  Pessimism Removal Resolution               :  Nearest Common Node
  Enable Input Delay Default Clock           :  No
  Enable Preset / Clear Arcs                 :  No
  Disable Flight Delays                      :  No
  Ignore I/O Paths                           :  No
  Timing Early Launch at Borrowing Latches   :  No
  Borrow Time for Max Delay Exceptions       :  Yes
  Merge Timing Exceptions                    :  Yes

  Corner  Analyze    Analyze    
  Name    Max Paths  Min Paths  
  ------  ---------  ---------  
  Slow    Yes        Yes        
  Fast    Yes        Yes        


------------------------------------------------------------------------------------------------
| Report Methodology
| ------------------
------------------------------------------------------------------------------------------------

Rule       Severity          Description                  Violations  
---------  ----------------  ---------------------------  ----------  
TIMING-17  Critical Warning  Non-clocked sequential cell  36          

Note: This report is based on the most recent report_methodology run and may not be up-to-date. Run report_methodology on the current design for the latest report.



check_timing report

Table of Contents
-----------------
1. checking no_clock (36)
2. checking constant_clock (0)
3. checking pulse_width_clock (0)
4. checking unconstrained_internal_endpoints (52)
5. checking no_input_delay (11)
6. checking no_output_delay (8)
7. checking multiple_clock (0)
8. checking generated_clocks (0)
9. checking loops (0)
10. checking partial_input_delay (0)
11. checking partial_output_delay (0)
12. checking latch_loops (0)

1. checking no_clock (36)
-------------------------
 There are 28 register/latch pins with no clock driven by root clock pin: clk_in (HIGH)

 There are 8 register/latch pins with no clock driven by root clock pin: clk1hz_reg/Q (HIGH)


2. checking constant_clock (0)
------------------------------
 There are 0 register/latch pins with constant_clock.


3. checking pulse_width_clock (0)
---------------------------------
 There are 0 register/latch pins which need pulse_width check


4. checking unconstrained_internal_endpoints (52)
-------------------------------------------------
 There are 52 pins that are not constrained for maximum delay. (HIGH)

 There are 0 pins that are not constrained for maximum delay due to constant clock.


5. checking no_input_delay (11)
-------------------------------
 There are 11 input ports with no input delay specified. (HIGH)

 There are 0 input ports with no input delay but user has a false path constraint.


6. checking no_output_delay (8)
-------------------------------
 There are 8 ports with no output delay specified. (HIGH)

 There are 0 ports with no output delay but user has a false path constraint

 There are 0 ports with no output delay but with a timing clock defined on it or propagating through it


7. checking multiple_clock (0)
------------------------------
 There are 0 register/latch pins with multiple clocks.


8. checking generated_clocks (0)
--------------------------------
 There are 0 generated clocks that are not connected to a clock source.


9. checking loops (0)
---------------------
 There are 0 combinational loops in the design.


10. checking partial_input_delay (0)
------------------------------------
 There are 0 input ports with partial input delay specified.


11. checking partial_output_delay (0)
-------------------------------------
 There are 0 ports with partial output delay specified.


12. checking latch_loops (0)
----------------------------
 There are 0 combinational latch loops in the design through latch input



------------------------------------------------------------------------------------------------
| Design Timing Summary
| ---------------------
------------------------------------------------------------------------------------------------

    WNS(ns)      TNS(ns)  TNS Failing Endpoints  TNS Total Endpoints      WHS(ns)      THS(ns)  THS Failing Endpoints  THS Total Endpoints     WPWS(ns)     TPWS(ns)  TPWS Failing Endpoints  TPWS Total Endpoints  
    -------      -------  ---------------------  -------------------      -------      -------  ---------------------  -------------------     --------     --------  ----------------------  --------------------  
        inf        0.000                      0                   60          inf        0.000                      0                   60           NA           NA                      NA                    NA  


There are no user specified timing constraints.


------------------------------------------------------------------------------------------------
| Clock Summary
| -------------
------------------------------------------------------------------------------------------------


------------------------------------------------------------------------------------------------
| Intra Clock Table
| -----------------
------------------------------------------------------------------------------------------------

Clock             WNS(ns)      TNS(ns)  TNS Failing Endpoints  TNS Total Endpoints      WHS(ns)      THS(ns)  THS Failing Endpoints  THS Total Endpoints     WPWS(ns)     TPWS(ns)  TPWS Failing Endpoints  TPWS Total Endpoints  
-----             -------      -------  ---------------------  -------------------      -------      -------  ---------------------  -------------------     --------     --------  ----------------------  --------------------  


------------------------------------------------------------------------------------------------
| Inter Clock Table
| -----------------
------------------------------------------------------------------------------------------------

From Clock    To Clock          WNS(ns)      TNS(ns)  TNS Failing Endpoints  TNS Total Endpoints      WHS(ns)      THS(ns)  THS Failing Endpoints  THS Total Endpoints  
----------    --------          -------      -------  ---------------------  -------------------      -------      -------  ---------------------  -------------------  


------------------------------------------------------------------------------------------------
| Other Path Groups Table
| -----------------------
------------------------------------------------------------------------------------------------

Path Group    From Clock    To Clock          WNS(ns)      TNS(ns)  TNS Failing Endpoints  TNS Total Endpoints      WHS(ns)      THS(ns)  THS Failing Endpoints  THS Total Endpoints  
----------    ----------    --------          -------      -------  ---------------------  -------------------      -------      -------  ---------------------  -------------------  


------------------------------------------------------------------------------------------------
| User Ignored Path Table
| -----------------------
------------------------------------------------------------------------------------------------

Path Group    From Clock    To Clock    
----------    ----------    --------    


------------------------------------------------------------------------------------------------
| Unconstrained Path Table
| ------------------------
------------------------------------------------------------------------------------------------

Path Group    From Clock    To Clock    
----------    ----------    --------    
(none)                                    


------------------------------------------------------------------------------------------------
| Timing Details
| --------------
------------------------------------------------------------------------------------------------


--------------------------------------------------------------------------------------
Path Group:  (none)
From Clock:  
  To Clock:  

Max Delay            60 Endpoints
Min Delay            60 Endpoints
--------------------------------------------------------------------------------------


Max Delay Paths
--------------------------------------------------------------------------------------
Slack:                    inf
  Source:                 reg_reg[1]/C
                            (rising edge-triggered cell FDCE)
  Destination:            Dout[1]
                            (output port)
  Path Group:             (none)
  Path Type:              Max at Slow Process Corner
  Data Path Delay:        7.003ns  (logic 4.124ns (58.887%)  route 2.879ns (41.113%))
  Logic Levels:           2  (FDCE=1 OBUF=1)

    Location             Delay type                Incr(ns)  Path(ns)    Netlist Resource(s)
  -------------------------------------------------------------------    -------------------
    SLICE_X0Y11          FDCE                         0.000     0.000 r  reg_reg[1]/C
    SLICE_X0Y11          FDCE (Prop_fdce_C_Q)         0.419     0.419 r  reg_reg[1]/Q
                         net (fo=6, routed)           2.879     3.298    Dout_OBUF[1]
    E19                  OBUF (Prop_obuf_I_O)         3.705     7.003 r  Dout_OBUF[1]_inst/O
                         net (fo=0)                   0.000     7.003    Dout[1]
    E19                                                               r  Dout[1] (OUT)
  -------------------------------------------------------------------    -------------------

Slack:                    inf
  Source:                 n_reg[8]/C
                            (rising edge-triggered cell FDRE)
  Destination:            n_reg[25]/D
  Path Group:             (none)
  Path Type:              Max at Slow Process Corner
  Data Path Delay:        6.028ns  (logic 2.455ns (40.728%)  route 3.573ns (59.272%))
  Logic Levels:           12  (CARRY4=7 FDRE=1 LUT3=1 LUT5=2 LUT6=1)

    Location             Delay type                Incr(ns)  Path(ns)    Netlist Resource(s)
  -------------------------------------------------------------------    -------------------
    SLICE_X2Y7           FDRE                         0.000     0.000 r  n_reg[8]/C
    SLICE_X2Y7           FDRE (Prop_fdre_C_Q)         0.518     0.518 f  n_reg[8]/Q
                         net (fo=3, routed)           0.865     1.383    n_reg[8]
    SLICE_X4Y7           LUT5 (Prop_lut5_I1_O)        0.124     1.507 f  clk1hz_i_13/O
                         net (fo=1, routed)           0.647     2.154    clk1hz_i_13_n_0
    SLICE_X4Y8           LUT6 (Prop_lut6_I0_O)        0.124     2.278 r  clk1hz_i_6/O
                         net (fo=1, routed)           0.714     2.992    clk1hz_i_6_n_0
    SLICE_X4Y9           LUT5 (Prop_lut5_I1_O)        0.124     3.116 r  clk1hz_i_2/O
                         net (fo=29, routed)          1.347     4.463    clk1hz_i_2_n_0
    SLICE_X2Y5           LUT3 (Prop_lut3_I1_O)        0.124     4.587 r  n[0]_i_5/O
                         net (fo=1, routed)           0.000     4.587    n[0]_i_5_n_0
    SLICE_X2Y5           CARRY4 (Prop_carry4_S[1]_CO[3])
                                                      0.533     5.120 r  n_reg[0]_i_1/CO[3]
                         net (fo=1, routed)           0.000     5.120    n_reg[0]_i_1_n_0
    SLICE_X2Y6           CARRY4 (Prop_carry4_CI_CO[3])
                                                      0.117     5.237 r  n_reg[4]_i_1/CO[3]
                         net (fo=1, routed)           0.000     5.237    n_reg[4]_i_1_n_0
    SLICE_X2Y7           CARRY4 (Prop_carry4_CI_CO[3])
                                                      0.117     5.354 r  n_reg[8]_i_1/CO[3]
                         net (fo=1, routed)           0.000     5.354    n_reg[8]_i_1_n_0
    SLICE_X2Y8           CARRY4 (Prop_carry4_CI_CO[3])
                                                      0.117     5.471 r  n_reg[12]_i_1/CO[3]
                         net (fo=1, routed)           0.000     5.471    n_reg[12]_i_1_n_0
    SLICE_X2Y9           CARRY4 (Prop_carry4_CI_CO[3])
                                                      0.117     5.588 r  n_reg[16]_i_1/CO[3]
                         net (fo=1, routed)           0.000     5.588    n_reg[16]_i_1_n_0
    SLICE_X2Y10          CARRY4 (Prop_carry4_CI_CO[3])
                                                      0.117     5.705 r  n_reg[20]_i_1/CO[3]
                         net (fo=1, routed)           0.000     5.705    n_reg[20]_i_1_n_0
    SLICE_X2Y11          CARRY4 (Prop_carry4_CI_O[1])
                                                      0.323     6.028 r  n_reg[24]_i_1/O[1]
                         net (fo=1, routed)           0.000     6.028    n_reg[24]_i_1_n_6
    SLICE_X2Y11          FDRE                                         r  n_reg[25]/D
  -------------------------------------------------------------------    -------------------

Slack:                    inf
  Source:                 n_reg[8]/C
                            (rising edge-triggered cell FDRE)
  Destination:            n_reg[26]/D
  Path Group:             (none)
  Path Type:              Max at Slow Process Corner
  Data Path Delay:        5.944ns  (logic 2.371ns (39.891%)  route 3.573ns (60.109%))
  Logic Levels:           12  (CARRY4=7 FDRE=1 LUT3=1 LUT5=2 LUT6=1)

    Location             Delay type                Incr(ns)  Path(ns)    Netlist Resource(s)
  -------------------------------------------------------------------    -------------------
    SLICE_X2Y7           FDRE                         0.000     0.000 r  n_reg[8]/C
    SLICE_X2Y7           FDRE (Prop_fdre_C_Q)         0.518     0.518 f  n_reg[8]/Q
                         net (fo=3, routed)           0.865     1.383    n_reg[8]
    SLICE_X4Y7           LUT5 (Prop_lut5_I1_O)        0.124     1.507 f  clk1hz_i_13/O
                         net (fo=1, routed)           0.647     2.154    clk1hz_i_13_n_0
    SLICE_X4Y8           LUT6 (Prop_lut6_I0_O)        0.124     2.278 r  clk1hz_i_6/O
                         net (fo=1, routed)           0.714     2.992    clk1hz_i_6_n_0
    SLICE_X4Y9           LUT5 (Prop_lut5_I1_O)        0.124     3.116 r  clk1hz_i_2/O
                         net (fo=29, routed)          1.347     4.463    clk1hz_i_2_n_0
    SLICE_X2Y5           LUT3 (Prop_lut3_I1_O)        0.124     4.587 r  n[0]_i_5/O
                         net (fo=1, routed)           0.000     4.587    n[0]_i_5_n_0
    SLICE_X2Y5           CARRY4 (Prop_carry4_S[1]_CO[3])
                                                      0.533     5.120 r  n_reg[0]_i_1/CO[3]
                         net (fo=1, routed)           0.000     5.120    n_reg[0]_i_1_n_0
    SLICE_X2Y6           CARRY4 (Prop_carry4_CI_CO[3])
                                                      0.117     5.237 r  n_reg[4]_i_1/CO[3]
                         net (fo=1, routed)           0.000     5.237    n_reg[4]_i_1_n_0
    SLICE_X2Y7           CARRY4 (Prop_carry4_CI_CO[3])
                                                      0.117     5.354 r  n_reg[8]_i_1/CO[3]
                         net (fo=1, routed)           0.000     5.354    n_reg[8]_i_1_n_0
    SLICE_X2Y8           CARRY4 (Prop_carry4_CI_CO[3])
                                                      0.117     5.471 r  n_reg[12]_i_1/CO[3]
                         net (fo=1, routed)           0.000     5.471    n_reg[12]_i_1_n_0
    SLICE_X2Y9           CARRY4 (Prop_carry4_CI_CO[3])
                                                      0.117     5.588 r  n_reg[16]_i_1/CO[3]
                         net (fo=1, routed)           0.000     5.588    n_reg[16]_i_1_n_0
    SLICE_X2Y10          CARRY4 (Prop_carry4_CI_CO[3])
                                                      0.117     5.705 r  n_reg[20]_i_1/CO[3]
                         net (fo=1, routed)           0.000     5.705    n_reg[20]_i_1_n_0
    SLICE_X2Y11          CARRY4 (Prop_carry4_CI_O[2])
                                                      0.239     5.944 r  n_reg[24]_i_1/O[2]
                         net (fo=1, routed)           0.000     5.944    n_reg[24]_i_1_n_5
    SLICE_X2Y11          FDRE                                         r  n_reg[26]/D
  -------------------------------------------------------------------    -------------------

Slack:                    inf
  Source:                 reg_reg[6]/C
                            (rising edge-triggered cell FDCE)
  Destination:            Dout[6]
                            (output port)
  Path Group:             (none)
  Path Type:              Max at Slow Process Corner
  Data Path Delay:        5.930ns  (logic 3.962ns (66.820%)  route 1.967ns (33.180%))
  Logic Levels:           2  (FDCE=1 OBUF=1)

    Location             Delay type                Incr(ns)  Path(ns)    Netlist Resource(s)
  -------------------------------------------------------------------    -------------------
    SLICE_X0Y12          FDCE                         0.000     0.000 r  reg_reg[6]/C
    SLICE_X0Y12          FDCE (Prop_fdce_C_Q)         0.456     0.456 r  reg_reg[6]/Q
                         net (fo=3, routed)           1.967     2.423    Dout_OBUF[6]
    U14                  OBUF (Prop_obuf_I_O)         3.506     5.930 r  Dout_OBUF[6]_inst/O
                         net (fo=0)                   0.000     5.930    Dout[6]
    U14                                                               r  Dout[6] (OUT)
  -------------------------------------------------------------------    -------------------

Slack:                    inf
  Source:                 n_reg[8]/C
                            (rising edge-triggered cell FDRE)
  Destination:            n_reg[24]/D
  Path Group:             (none)
  Path Type:              Max at Slow Process Corner
  Data Path Delay:        5.924ns  (logic 2.351ns (39.688%)  route 3.573ns (60.312%))
  Logic Levels:           12  (CARRY4=7 FDRE=1 LUT3=1 LUT5=2 LUT6=1)

    Location             Delay type                Incr(ns)  Path(ns)    Netlist Resource(s)
  -------------------------------------------------------------------    -------------------
    SLICE_X2Y7           FDRE                         0.000     0.000 r  n_reg[8]/C
    SLICE_X2Y7           FDRE (Prop_fdre_C_Q)         0.518     0.518 f  n_reg[8]/Q
                         net (fo=3, routed)           0.865     1.383    n_reg[8]
    SLICE_X4Y7           LUT5 (Prop_lut5_I1_O)        0.124     1.507 f  clk1hz_i_13/O
                         net (fo=1, routed)           0.647     2.154    clk1hz_i_13_n_0
    SLICE_X4Y8           LUT6 (Prop_lut6_I0_O)        0.124     2.278 r  clk1hz_i_6/O
                         net (fo=1, routed)           0.714     2.992    clk1hz_i_6_n_0
    SLICE_X4Y9           LUT5 (Prop_lut5_I1_O)        0.124     3.116 r  clk1hz_i_2/O
                         net (fo=29, routed)          1.347     4.463    clk1hz_i_2_n_0
    SLICE_X2Y5           LUT3 (Prop_lut3_I1_O)        0.124     4.587 r  n[0]_i_5/O
                         net (fo=1, routed)           0.000     4.587    n[0]_i_5_n_0
    SLICE_X2Y5           CARRY4 (Prop_carry4_S[1]_CO[3])
                                                      0.533     5.120 r  n_reg[0]_i_1/CO[3]
                         net (fo=1, routed)           0.000     5.120    n_reg[0]_i_1_n_0
    SLICE_X2Y6           CARRY4 (Prop_carry4_CI_CO[3])
                                                      0.117     5.237 r  n_reg[4]_i_1/CO[3]
                         net (fo=1, routed)           0.000     5.237    n_reg[4]_i_1_n_0
    SLICE_X2Y7           CARRY4 (Prop_carry4_CI_CO[3])
                                                      0.117     5.354 r  n_reg[8]_i_1/CO[3]
                         net (fo=1, routed)           0.000     5.354    n_reg[8]_i_1_n_0
    SLICE_X2Y8           CARRY4 (Prop_carry4_CI_CO[3])
                                                      0.117     5.471 r  n_reg[12]_i_1/CO[3]
                         net (fo=1, routed)           0.000     5.471    n_reg[12]_i_1_n_0
    SLICE_X2Y9           CARRY4 (Prop_carry4_CI_CO[3])
                                                      0.117     5.588 r  n_reg[16]_i_1/CO[3]
                         net (fo=1, routed)           0.000     5.588    n_reg[16]_i_1_n_0
    SLICE_X2Y10          CARRY4 (Prop_carry4_CI_CO[3])
                                                      0.117     5.705 r  n_reg[20]_i_1/CO[3]
                         net (fo=1, routed)           0.000     5.705    n_reg[20]_i_1_n_0
    SLICE_X2Y11          CARRY4 (Prop_carry4_CI_O[0])
                                                      0.219     5.924 r  n_reg[24]_i_1/O[0]
                         net (fo=1, routed)           0.000     5.924    n_reg[24]_i_1_n_7
    SLICE_X2Y11          FDRE                                         r  n_reg[24]/D
  -------------------------------------------------------------------    -------------------

Slack:                    inf
  Source:                 reg_reg[2]/C
                            (rising edge-triggered cell FDCE)
  Destination:            Dout[2]
                            (output port)
  Path Group:             (none)
  Path Type:              Max at Slow Process Corner
  Data Path Delay:        5.918ns  (logic 3.957ns (66.867%)  route 1.961ns (33.133%))
  Logic Levels:           2  (FDCE=1 OBUF=1)

    Location             Delay type                Incr(ns)  Path(ns)    Netlist Resource(s)
  -------------------------------------------------------------------    -------------------
    SLICE_X0Y11          FDCE                         0.000     0.000 r  reg_reg[2]/C
    SLICE_X0Y11          FDCE (Prop_fdce_C_Q)         0.456     0.456 r  reg_reg[2]/Q
                         net (fo=5, routed)           1.961     2.417    Dout_OBUF[2]
    U19                  OBUF (Prop_obuf_I_O)         3.501     5.918 r  Dout_OBUF[2]_inst/O
                         net (fo=0)                   0.000     5.918    Dout[2]
    U19                                                               r  Dout[2] (OUT)
  -------------------------------------------------------------------    -------------------

Slack:                    inf
  Source:                 n_reg[8]/C
                            (rising edge-triggered cell FDRE)
  Destination:            n_reg[21]/D
  Path Group:             (none)
  Path Type:              Max at Slow Process Corner
  Data Path Delay:        5.911ns  (logic 2.338ns (39.555%)  route 3.573ns (60.445%))
  Logic Levels:           11  (CARRY4=6 FDRE=1 LUT3=1 LUT5=2 LUT6=1)

    Location             Delay type                Incr(ns)  Path(ns)    Netlist Resource(s)
  -------------------------------------------------------------------    -------------------
    SLICE_X2Y7           FDRE                         0.000     0.000 r  n_reg[8]/C
    SLICE_X2Y7           FDRE (Prop_fdre_C_Q)         0.518     0.518 f  n_reg[8]/Q
                         net (fo=3, routed)           0.865     1.383    n_reg[8]
    SLICE_X4Y7           LUT5 (Prop_lut5_I1_O)        0.124     1.507 f  clk1hz_i_13/O
                         net (fo=1, routed)           0.647     2.154    clk1hz_i_13_n_0
    SLICE_X4Y8           LUT6 (Prop_lut6_I0_O)        0.124     2.278 r  clk1hz_i_6/O
                         net (fo=1, routed)           0.714     2.992    clk1hz_i_6_n_0
    SLICE_X4Y9           LUT5 (Prop_lut5_I1_O)        0.124     3.116 r  clk1hz_i_2/O
                         net (fo=29, routed)          1.347     4.463    clk1hz_i_2_n_0
    SLICE_X2Y5           LUT3 (Prop_lut3_I1_O)        0.124     4.587 r  n[0]_i_5/O
                         net (fo=1, routed)           0.000     4.587    n[0]_i_5_n_0
    SLICE_X2Y5           CARRY4 (Prop_carry4_S[1]_CO[3])
                                                      0.533     5.120 r  n_reg[0]_i_1/CO[3]
                         net (fo=1, routed)           0.000     5.120    n_reg[0]_i_1_n_0
    SLICE_X2Y6           CARRY4 (Prop_carry4_CI_CO[3])
                                                      0.117     5.237 r  n_reg[4]_i_1/CO[3]
                         net (fo=1, routed)           0.000     5.237    n_reg[4]_i_1_n_0
    SLICE_X2Y7           CARRY4 (Prop_carry4_CI_CO[3])
                                                      0.117     5.354 r  n_reg[8]_i_1/CO[3]
                         net (fo=1, routed)           0.000     5.354    n_reg[8]_i_1_n_0
    SLICE_X2Y8           CARRY4 (Prop_carry4_CI_CO[3])
                                                      0.117     5.471 r  n_reg[12]_i_1/CO[3]
                         net (fo=1, routed)           0.000     5.471    n_reg[12]_i_1_n_0
    SLICE_X2Y9           CARRY4 (Prop_carry4_CI_CO[3])
                                                      0.117     5.588 r  n_reg[16]_i_1/CO[3]
                         net (fo=1, routed)           0.000     5.588    n_reg[16]_i_1_n_0
    SLICE_X2Y10          CARRY4 (Prop_carry4_CI_O[1])
                                                      0.323     5.911 r  n_reg[20]_i_1/O[1]
                         net (fo=1, routed)           0.000     5.911    n_reg[20]_i_1_n_6
    SLICE_X2Y10          FDRE                                         r  n_reg[21]/D
  -------------------------------------------------------------------    -------------------

Slack:                    inf
  Source:                 n_reg[8]/C
                            (rising edge-triggered cell FDRE)
  Destination:            n_reg[23]/D
  Path Group:             (none)
  Path Type:              Max at Slow Process Corner
  Data Path Delay:        5.903ns  (logic 2.330ns (39.473%)  route 3.573ns (60.527%))
  Logic Levels:           11  (CARRY4=6 FDRE=1 LUT3=1 LUT5=2 LUT6=1)

    Location             Delay type                Incr(ns)  Path(ns)    Netlist Resource(s)
  -------------------------------------------------------------------    -------------------
    SLICE_X2Y7           FDRE                         0.000     0.000 r  n_reg[8]/C
    SLICE_X2Y7           FDRE (Prop_fdre_C_Q)         0.518     0.518 f  n_reg[8]/Q
                         net (fo=3, routed)           0.865     1.383    n_reg[8]
    SLICE_X4Y7           LUT5 (Prop_lut5_I1_O)        0.124     1.507 f  clk1hz_i_13/O
                         net (fo=1, routed)           0.647     2.154    clk1hz_i_13_n_0
    SLICE_X4Y8           LUT6 (Prop_lut6_I0_O)        0.124     2.278 r  clk1hz_i_6/O
                         net (fo=1, routed)           0.714     2.992    clk1hz_i_6_n_0
    SLICE_X4Y9           LUT5 (Prop_lut5_I1_O)        0.124     3.116 r  clk1hz_i_2/O
                         net (fo=29, routed)          1.347     4.463    clk1hz_i_2_n_0
    SLICE_X2Y5           LUT3 (Prop_lut3_I1_O)        0.124     4.587 r  n[0]_i_5/O
                         net (fo=1, routed)           0.000     4.587    n[0]_i_5_n_0
    SLICE_X2Y5           CARRY4 (Prop_carry4_S[1]_CO[3])
                                                      0.533     5.120 r  n_reg[0]_i_1/CO[3]
                         net (fo=1, routed)           0.000     5.120    n_reg[0]_i_1_n_0
    SLICE_X2Y6           CARRY4 (Prop_carry4_CI_CO[3])
                                                      0.117     5.237 r  n_reg[4]_i_1/CO[3]
                         net (fo=1, routed)           0.000     5.237    n_reg[4]_i_1_n_0
    SLICE_X2Y7           CARRY4 (Prop_carry4_CI_CO[3])
                                                      0.117     5.354 r  n_reg[8]_i_1/CO[3]
                         net (fo=1, routed)           0.000     5.354    n_reg[8]_i_1_n_0
    SLICE_X2Y8           CARRY4 (Prop_carry4_CI_CO[3])
                                                      0.117     5.471 r  n_reg[12]_i_1/CO[3]
                         net (fo=1, routed)           0.000     5.471    n_reg[12]_i_1_n_0
    SLICE_X2Y9           CARRY4 (Prop_carry4_CI_CO[3])
                                                      0.117     5.588 r  n_reg[16]_i_1/CO[3]
                         net (fo=1, routed)           0.000     5.588    n_reg[16]_i_1_n_0
    SLICE_X2Y10          CARRY4 (Prop_carry4_CI_O[3])
                                                      0.315     5.903 r  n_reg[20]_i_1/O[3]
                         net (fo=1, routed)           0.000     5.903    n_reg[20]_i_1_n_4
    SLICE_X2Y10          FDRE                                         r  n_reg[23]/D
  -------------------------------------------------------------------    -------------------

Slack:                    inf
  Source:                 reg_reg[5]/C
                            (rising edge-triggered cell FDCE)
  Destination:            Dout[5]
                            (output port)
  Path Group:             (none)
  Path Type:              Max at Slow Process Corner
  Data Path Delay:        5.889ns  (logic 3.970ns (67.427%)  route 1.918ns (32.573%))
  Logic Levels:           2  (FDCE=1 OBUF=1)

    Location             Delay type                Incr(ns)  Path(ns)    Netlist Resource(s)
  -------------------------------------------------------------------    -------------------
    SLICE_X0Y11          FDCE                         0.000     0.000 r  reg_reg[5]/C
    SLICE_X0Y11          FDCE (Prop_fdce_C_Q)         0.456     0.456 r  reg_reg[5]/Q
                         net (fo=4, routed)           1.918     2.374    Dout_OBUF[5]
    U15                  OBUF (Prop_obuf_I_O)         3.514     5.889 r  Dout_OBUF[5]_inst/O
                         net (fo=0)                   0.000     5.889    Dout[5]
    U15                                                               r  Dout[5] (OUT)
  -------------------------------------------------------------------    -------------------

Slack:                    inf
  Source:                 reg_reg[7]/C
                            (rising edge-triggered cell FDCE)
  Destination:            Dout[7]
                            (output port)
  Path Group:             (none)
  Path Type:              Max at Slow Process Corner
  Data Path Delay:        5.888ns  (logic 3.957ns (67.197%)  route 1.931ns (32.803%))
  Logic Levels:           2  (FDCE=1 OBUF=1)

    Location             Delay type                Incr(ns)  Path(ns)    Netlist Resource(s)
  -------------------------------------------------------------------    -------------------
    SLICE_X0Y12          FDCE                         0.000     0.000 r  reg_reg[7]/C
    SLICE_X0Y12          FDCE (Prop_fdce_C_Q)         0.456     0.456 r  reg_reg[7]/Q
                         net (fo=2, routed)           1.931     2.387    Dout_OBUF[7]
    V14                  OBUF (Prop_obuf_I_O)         3.501     5.888 r  Dout_OBUF[7]_inst/O
                         net (fo=0)                   0.000     5.888    Dout[7]
    V14                                                               r  Dout[7] (OUT)
  -------------------------------------------------------------------    -------------------





Min Delay Paths
--------------------------------------------------------------------------------------
Slack:                    inf
  Source:                 reg_reg[0]/C
                            (rising edge-triggered cell FDCE)
  Destination:            reg_reg[2]/D
  Path Group:             (none)
  Path Type:              Min at Fast Process Corner
  Data Path Delay:        0.344ns  (logic 0.186ns (54.070%)  route 0.158ns (45.930%))
  Logic Levels:           2  (FDCE=1 LUT5=1)

    Location             Delay type                Incr(ns)  Path(ns)    Netlist Resource(s)
  -------------------------------------------------------------------    -------------------
    SLICE_X0Y11          FDCE                         0.000     0.000 r  reg_reg[0]/C
    SLICE_X0Y11          FDCE (Prop_fdce_C_Q)         0.141     0.141 r  reg_reg[0]/Q
                         net (fo=7, routed)           0.158     0.299    Dout_OBUF[0]
    SLICE_X0Y11          LUT5 (Prop_lut5_I1_O)        0.045     0.344 r  reg[2]_i_1/O
                         net (fo=1, routed)           0.000     0.344    p_1_in[2]
    SLICE_X0Y11          FDCE                                         r  reg_reg[2]/D
  -------------------------------------------------------------------    -------------------

Slack:                    inf
  Source:                 reg_reg[6]/C
                            (rising edge-triggered cell FDCE)
  Destination:            reg_reg[7]/D
  Path Group:             (none)
  Path Type:              Min at Fast Process Corner
  Data Path Delay:        0.376ns  (logic 0.186ns (49.523%)  route 0.190ns (50.477%))
  Logic Levels:           2  (FDCE=1 LUT5=1)

    Location             Delay type                Incr(ns)  Path(ns)    Netlist Resource(s)
  -------------------------------------------------------------------    -------------------
    SLICE_X0Y12          FDCE                         0.000     0.000 r  reg_reg[6]/C
    SLICE_X0Y12          FDCE (Prop_fdce_C_Q)         0.141     0.141 r  reg_reg[6]/Q
                         net (fo=3, routed)           0.190     0.331    Dout_OBUF[6]
    SLICE_X0Y12          LUT5 (Prop_lut5_I2_O)        0.045     0.376 r  reg[7]_i_2/O
                         net (fo=1, routed)           0.000     0.376    p_1_in[7]
    SLICE_X0Y12          FDCE                                         r  reg_reg[7]/D
  -------------------------------------------------------------------    -------------------

Slack:                    inf
  Source:                 reg_reg[3]/C
                            (rising edge-triggered cell FDCE)
  Destination:            reg_reg[3]/D
  Path Group:             (none)
  Path Type:              Min at Fast Process Corner
  Data Path Delay:        0.384ns  (logic 0.186ns (48.386%)  route 0.198ns (51.614%))
  Logic Levels:           2  (FDCE=1 LUT6=1)

    Location             Delay type                Incr(ns)  Path(ns)    Netlist Resource(s)
  -------------------------------------------------------------------    -------------------
    SLICE_X0Y12          FDCE                         0.000     0.000 r  reg_reg[3]/C
    SLICE_X0Y12          FDCE (Prop_fdce_C_Q)         0.141     0.141 r  reg_reg[3]/Q
                         net (fo=4, routed)           0.198     0.339    Dout_OBUF[3]
    SLICE_X0Y12          LUT6 (Prop_lut6_I4_O)        0.045     0.384 r  reg[3]_i_1/O
                         net (fo=1, routed)           0.000     0.384    p_1_in[3]
    SLICE_X0Y12          FDCE                                         r  reg_reg[3]/D
  -------------------------------------------------------------------    -------------------

Slack:                    inf
  Source:                 reg_reg[4]/C
                            (rising edge-triggered cell FDCE)
  Destination:            reg_reg[4]/D
  Path Group:             (none)
  Path Type:              Min at Fast Process Corner
  Data Path Delay:        0.387ns  (logic 0.186ns (48.066%)  route 0.201ns (51.934%))
  Logic Levels:           2  (FDCE=1 LUT4=1)

    Location             Delay type                Incr(ns)  Path(ns)    Netlist Resource(s)
  -------------------------------------------------------------------    -------------------
    SLICE_X0Y11          FDCE                         0.000     0.000 r  reg_reg[4]/C
    SLICE_X0Y11          FDCE (Prop_fdce_C_Q)         0.141     0.141 r  reg_reg[4]/Q
                         net (fo=5, routed)           0.201     0.342    Dout_OBUF[4]
    SLICE_X0Y11          LUT4 (Prop_lut4_I3_O)        0.045     0.387 r  reg[4]_i_1/O
                         net (fo=1, routed)           0.000     0.387    p_1_in[4]
    SLICE_X0Y11          FDCE                                         r  reg_reg[4]/D
  -------------------------------------------------------------------    -------------------

Slack:                    inf
  Source:                 n_reg[11]/C
                            (rising edge-triggered cell FDRE)
  Destination:            n_reg[11]/D
  Path Group:             (none)
  Path Type:              Min at Fast Process Corner
  Data Path Delay:        0.422ns  (logic 0.273ns (64.655%)  route 0.149ns (35.345%))
  Logic Levels:           3  (CARRY4=1 FDRE=1 LUT3=1)

    Location             Delay type                Incr(ns)  Path(ns)    Netlist Resource(s)
  -------------------------------------------------------------------    -------------------
    SLICE_X2Y7           FDRE                         0.000     0.000 r  n_reg[11]/C
    SLICE_X2Y7           FDRE (Prop_fdre_C_Q)         0.164     0.164 r  n_reg[11]/Q
                         net (fo=3, routed)           0.149     0.313    n_reg[11]
    SLICE_X2Y7           LUT3 (Prop_lut3_I2_O)        0.045     0.358 r  n[8]_i_2/O
                         net (fo=1, routed)           0.000     0.358    n[8]_i_2_n_0
    SLICE_X2Y7           CARRY4 (Prop_carry4_S[3]_O[3])
                                                      0.064     0.422 r  n_reg[8]_i_1/O[3]
                         net (fo=1, routed)           0.000     0.422    n_reg[8]_i_1_n_4
    SLICE_X2Y7           FDRE                                         r  n_reg[11]/D
  -------------------------------------------------------------------    -------------------

Slack:                    inf
  Source:                 n_reg[23]/C
                            (rising edge-triggered cell FDRE)
  Destination:            n_reg[23]/D
  Path Group:             (none)
  Path Type:              Min at Fast Process Corner
  Data Path Delay:        0.422ns  (logic 0.273ns (64.655%)  route 0.149ns (35.345%))
  Logic Levels:           3  (CARRY4=1 FDRE=1 LUT3=1)

    Location             Delay type                Incr(ns)  Path(ns)    Netlist Resource(s)
  -------------------------------------------------------------------    -------------------
    SLICE_X2Y10          FDRE                         0.000     0.000 r  n_reg[23]/C
    SLICE_X2Y10          FDRE (Prop_fdre_C_Q)         0.164     0.164 r  n_reg[23]/Q
                         net (fo=3, routed)           0.149     0.313    n_reg[23]
    SLICE_X2Y10          LUT3 (Prop_lut3_I2_O)        0.045     0.358 r  n[20]_i_2/O
                         net (fo=1, routed)           0.000     0.358    n[20]_i_2_n_0
    SLICE_X2Y10          CARRY4 (Prop_carry4_S[3]_O[3])
                                                      0.064     0.422 r  n_reg[20]_i_1/O[3]
                         net (fo=1, routed)           0.000     0.422    n_reg[20]_i_1_n_4
    SLICE_X2Y10          FDRE                                         r  n_reg[23]/D
  -------------------------------------------------------------------    -------------------

Slack:                    inf
  Source:                 n_reg[3]/C
                            (rising edge-triggered cell FDRE)
  Destination:            n_reg[3]/D
  Path Group:             (none)
  Path Type:              Min at Fast Process Corner
  Data Path Delay:        0.422ns  (logic 0.273ns (64.655%)  route 0.149ns (35.345%))
  Logic Levels:           3  (CARRY4=1 FDRE=1 LUT3=1)

    Location             Delay type                Incr(ns)  Path(ns)    Netlist Resource(s)
  -------------------------------------------------------------------    -------------------
    SLICE_X2Y5           FDRE                         0.000     0.000 r  n_reg[3]/C
    SLICE_X2Y5           FDRE (Prop_fdre_C_Q)         0.164     0.164 r  n_reg[3]/Q
                         net (fo=2, routed)           0.149     0.313    n_reg[3]
    SLICE_X2Y5           LUT3 (Prop_lut3_I2_O)        0.045     0.358 r  n[0]_i_3/O
                         net (fo=1, routed)           0.000     0.358    n[0]_i_3_n_0
    SLICE_X2Y5           CARRY4 (Prop_carry4_S[3]_O[3])
                                                      0.064     0.422 r  n_reg[0]_i_1/O[3]
                         net (fo=1, routed)           0.000     0.422    n_reg[0]_i_1_n_4
    SLICE_X2Y5           FDRE                                         r  n_reg[3]/D
  -------------------------------------------------------------------    -------------------

Slack:                    inf
  Source:                 n_reg[7]/C
                            (rising edge-triggered cell FDRE)
  Destination:            n_reg[7]/D
  Path Group:             (none)
  Path Type:              Min at Fast Process Corner
  Data Path Delay:        0.422ns  (logic 0.273ns (64.655%)  route 0.149ns (35.345%))
  Logic Levels:           3  (CARRY4=1 FDRE=1 LUT3=1)

    Location             Delay type                Incr(ns)  Path(ns)    Netlist Resource(s)
  -------------------------------------------------------------------    -------------------
    SLICE_X2Y6           FDRE                         0.000     0.000 r  n_reg[7]/C
    SLICE_X2Y6           FDRE (Prop_fdre_C_Q)         0.164     0.164 r  n_reg[7]/Q
                         net (fo=2, routed)           0.149     0.313    n_reg[7]
    SLICE_X2Y6           LUT3 (Prop_lut3_I2_O)        0.045     0.358 r  n[4]_i_2/O
                         net (fo=1, routed)           0.000     0.358    n[4]_i_2_n_0
    SLICE_X2Y6           CARRY4 (Prop_carry4_S[3]_O[3])
                                                      0.064     0.422 r  n_reg[4]_i_1/O[3]
                         net (fo=1, routed)           0.000     0.422    n_reg[4]_i_1_n_4
    SLICE_X2Y6           FDRE                                         r  n_reg[7]/D
  -------------------------------------------------------------------    -------------------

Slack:                    inf
  Source:                 reg_reg[0]/C
                            (rising edge-triggered cell FDCE)
  Destination:            reg_reg[0]/D
  Path Group:             (none)
  Path Type:              Min at Fast Process Corner
  Data Path Delay:        0.432ns  (logic 0.186ns (43.071%)  route 0.246ns (56.929%))
  Logic Levels:           2  (FDCE=1 LUT3=1)

    Location             Delay type                Incr(ns)  Path(ns)    Netlist Resource(s)
  -------------------------------------------------------------------    -------------------
    SLICE_X0Y11          FDCE                         0.000     0.000 r  reg_reg[0]/C
    SLICE_X0Y11          FDCE (Prop_fdce_C_Q)         0.141     0.141 f  reg_reg[0]/Q
                         net (fo=7, routed)           0.246     0.387    Dout_OBUF[0]
    SLICE_X0Y11          LUT3 (Prop_lut3_I0_O)        0.045     0.432 r  reg[0]_i_1/O
                         net (fo=1, routed)           0.000     0.432    p_1_in[0]
    SLICE_X0Y11          FDCE                                         r  reg_reg[0]/D
  -------------------------------------------------------------------    -------------------

Slack:                    inf
  Source:                 reg_reg[0]/C
                            (rising edge-triggered cell FDCE)
  Destination:            reg_reg[1]/D
  Path Group:             (none)
  Path Type:              Min at Fast Process Corner
  Data Path Delay:        0.433ns  (logic 0.187ns (43.203%)  route 0.246ns (56.797%))
  Logic Levels:           2  (FDCE=1 LUT4=1)

    Location             Delay type                Incr(ns)  Path(ns)    Netlist Resource(s)
  -------------------------------------------------------------------    -------------------
    SLICE_X0Y11          FDCE                         0.000     0.000 r  reg_reg[0]/C
    SLICE_X0Y11          FDCE (Prop_fdce_C_Q)         0.141     0.141 r  reg_reg[0]/Q
                         net (fo=7, routed)           0.246     0.387    Dout_OBUF[0]
    SLICE_X0Y11          LUT4 (Prop_lut4_I2_O)        0.046     0.433 r  reg[1]_i_1/O
                         net (fo=1, routed)           0.000     0.433    p_1_in[1]
    SLICE_X0Y11          FDCE                                         r  reg_reg[1]/D
  -------------------------------------------------------------------    -------------------





